Server running on port 8000 in development mode
Local: http://localhost:8000
Network: http://192.168.0.3:8000
MongoDB connected successfully
[REQ] POST /api/prescriptions auth=Bearer eyJhbGc… user=anon role=anon query={} body=<multipart/form-data; boundary=Lon3EsTt4lfhEQJy-NG2V3Lg9_7M5AYG6aISWLXvSNKnpV29nhcdeiFjCJcmmGyEIyhNSP>
[0mPOST /api/prescriptions [32m201[0m 75.815 ms - -[0m
[RES] POST /api/prescriptions -> 201 in 77ms
[REQ] POST /api/orders auth=Bearer eyJhbGc… user=anon role=anon query={} body={"orderType":"medicine","items":[{"medicine":"6898cb63749b693ad0c87ba4","quantity":1,"price":80,"total":80}],"subtotal":80,"deliveryCharges":50,"tax":4,"totalAmount":134,"payment":{"method":"online","gateway":"cashfree"},"deliveryAddress":{"street":"Hsr layout, Near school, srinagar, Jammu and kashmir 193201","city":"srinagar","state":"Jammu and kashmir","zipCode":"193201","phone":"7006861539"},"prescription":"6899eb05ddb9f4d33b9023c0","isPrescriptionOrder":true}
[REQ] POST /api/orders auth=Bearer 3s9aEUm4 user=6899e9014f31209595d0b85a role=customer query={} body={"orderType":"medicine","items":[{"medicine":"6898cb63749b693ad0c87ba4","quantity":1,"price":80,"total":80}],"subtotal":80,"deliveryCharges":50,"tax":4,"totalAmount":134,"payment":{"method":"online","gateway":"cashfree"},"deliveryAddress":{"street":"Hsr layout, Near school, srinagar, Jammu and kashmir 193201","city":"srinagar","state":"Jammu and kashmir","zipCode":"193201","phone":"7006861539"},"prescription":"6899eb05ddb9f4d33b9023c0","isPrescriptionOrder":true}
[ORDERS] Order created: ORD-1754917639154-QBEXWQ (medicine)
[RES] POST /api/orders -> 201 in NaNms
[0mPOST /api/orders [32m201[0m 22.449 ms - -[0m
[RES] POST /api/orders -> 201 in 23ms
[REQ] POST /api/payments/cashfree/create auth=Bearer eyJhbGc… user=anon role=anon query={} body={"amount":134,"orderId":"ORD-1754917639154-QBEXWQ","currency":"INR"}
[PAYMENTS][CF][CREATE] user= 6899e9014f31209595d0b85a amount= 134 orderId= ORD-1754917639154-QBEXWQ
[PAYMENTS][CF][CREATE] Using environment: SANDBOX
[PAYMENTS][CF][CREATE] Raw Cashfree response: {
  "code": "customer_details.customer_phone_invalid",
  "message": "customer_details.customer_phone : should be a valid phone number. example Indian +919090407368, 9090407368, International +16014635923. Value received: 8754645454845",
  "type": "invalid_request_error"
}
[PAYMENTS][CF][CREATE] ERROR: No session ID in response
[0mPOST /api/payments/cashfree/create [31m500[0m 516.866 ms - 61[0m
[RES] POST /api/payments/cashfree/create -> 500 in 517ms
[REQ] POST /api/orders auth=Bearer eyJhbGc… user=anon role=anon query={} body={"orderType":"medicine","items":[{"medicine":"6898cb63749b693ad0c87ba4","quantity":1,"price":80,"total":80}],"subtotal":80,"deliveryCharges":50,"tax":4,"totalAmount":134,"payment":{"method":"online","gateway":"cashfree"},"deliveryAddress":{"street":"Hsr layout, Near school, srinagar, Jammu and kashmir 193201","city":"srinagar","state":"Jammu and kashmir","zipCode":"193201","phone":"7006861539"},"prescription":"6899eb05ddb9f4d33b9023c0","isPrescriptionOrder":true}
[REQ] POST /api/orders auth=Bearer 3s9aEUm4 user=6899e9014f31209595d0b85a role=customer query={} body={"orderType":"medicine","items":[{"medicine":"6898cb63749b693ad0c87ba4","quantity":1,"price":80,"total":80}],"subtotal":80,"deliveryCharges":50,"tax":4,"totalAmount":134,"payment":{"method":"online","gateway":"cashfree"},"deliveryAddress":{"street":"Hsr layout, Near school, srinagar, Jammu and kashmir 193201","city":"srinagar","state":"Jammu and kashmir","zipCode":"193201","phone":"7006861539"},"prescription":"6899eb05ddb9f4d33b9023c0","isPrescriptionOrder":true}
[ORDERS] Order created: ORD-1754917640910-INL08G (medicine)
[RES] POST /api/orders -> 201 in NaNms
[0mPOST /api/orders [32m201[0m 12.414 ms - -[0m
[RES] POST /api/orders -> 201 in 13ms
[REQ] POST /api/payments/cashfree/create auth=Bearer eyJhbGc… user=anon role=anon query={} body={"amount":134,"orderId":"ORD-1754917640910-INL08G","currency":"INR"}
[PAYMENTS][CF][CREATE] user= 6899e9014f31209595d0b85a amount= 134 orderId= ORD-1754917640910-INL08G
[PAYMENTS][CF][CREATE] Using environment: SANDBOX
[PAYMENTS][CF][CREATE] Raw Cashfree response: {
  "code": "customer_details.customer_phone_invalid",
  "message": "customer_details.customer_phone : should be a valid phone number. example Indian +919090407368, 9090407368, International +16014635923. Value received: 8754645454845",
  "type": "invalid_request_error"
}
[PAYMENTS][CF][CREATE] ERROR: No session ID in response
[0mPOST /api/payments/cashfree/create [31m500[0m 73.695 ms - 61[0m
[RES] POST /api/payments/cashfree/create -> 500 in 74ms
[REQ] POST /api/orders auth=Bearer eyJhbGc… user=anon role=anon query={} body={"orderType":"medicine","items":[{"medicine":"6898cb63749b693ad0c87ba4","quantity":1,"price":80,"total":80}],"subtotal":80,"deliveryCharges":50,"tax":4,"totalAmount":134,"payment":{"method":"online","gateway":"cashfree"},"deliveryAddress":{"street":"Hsr layout, Near school, srinagar, Jammu and kashmir 193201","city":"srinagar","state":"Jammu and kashmir","zipCode":"193201","phone":"7006861539"},"prescription":"6899eb05ddb9f4d33b9023c0","isPrescriptionOrder":true}
[REQ] POST /api/orders auth=Bearer 3s9aEUm4 user=6899e9014f31209595d0b85a role=customer query={} body={"orderType":"medicine","items":[{"medicine":"6898cb63749b693ad0c87ba4","quantity":1,"price":80,"total":80}],"subtotal":80,"deliveryCharges":50,"tax":4,"totalAmount":134,"payment":{"method":"online","gateway":"cashfree"},"deliveryAddress":{"street":"Hsr layout, Near school, srinagar, Jammu and kashmir 193201","city":"srinagar","state":"Jammu and kashmir","zipCode":"193201","phone":"7006861539"},"prescription":"6899eb05ddb9f4d33b9023c0","isPrescriptionOrder":true}
[ORDERS] Order created: ORD-1754917641557-GXAVOU (medicine)
[RES] POST /api/orders -> 201 in NaNms
[0mPOST /api/orders [32m201[0m 14.651 ms - -[0m
[RES] POST /api/orders -> 201 in 15ms
[REQ] POST /api/payments/cashfree/create auth=Bearer eyJhbGc… user=anon role=anon query={} body={"amount":134,"orderId":"ORD-1754917641557-GXAVOU","currency":"INR"}
[PAYMENTS][CF][CREATE] user= 6899e9014f31209595d0b85a amount= 134 orderId= ORD-1754917641557-GXAVOU
[PAYMENTS][CF][CREATE] Using environment: SANDBOX
[PAYMENTS][CF][CREATE] Raw Cashfree response: {
  "code": "customer_details.customer_phone_invalid",
  "message": "customer_details.customer_phone : should be a valid phone number. example Indian +919090407368, 9090407368, International +16014635923. Value received: 8754645454845",
  "type": "invalid_request_error"
}
[PAYMENTS][CF][CREATE] ERROR: No session ID in response
[0mPOST /api/payments/cashfree/create [31m500[0m 47.131 ms - 61[0m
[RES] POST /api/payments/cashfree/create -> 500 in 48ms
[REQ] POST /api/orders auth=Bearer eyJhbGc… user=anon role=anon query={} body={"orderType":"medicine","items":[{"medicine":"6898cb63749b693ad0c87ba4","quantity":1,"price":80,"total":80}],"subtotal":80,"deliveryCharges":50,"tax":4,"totalAmount":134,"payment":{"method":"online","gateway":"cashfree"},"deliveryAddress":{"street":"Hsr layout, Near school, srinagar, Jammu and kashmir 193201","city":"srinagar","state":"Jammu and kashmir","zipCode":"193201","phone":"7006861539"},"prescription":"6899eb05ddb9f4d33b9023c0","isPrescriptionOrder":true}
[REQ] POST /api/orders auth=Bearer 3s9aEUm4 user=6899e9014f31209595d0b85a role=customer query={} body={"orderType":"medicine","items":[{"medicine":"6898cb63749b693ad0c87ba4","quantity":1,"price":80,"total":80}],"subtotal":80,"deliveryCharges":50,"tax":4,"totalAmount":134,"payment":{"method":"online","gateway":"cashfree"},"deliveryAddress":{"street":"Hsr layout, Near school, srinagar, Jammu and kashmir 193201","city":"srinagar","state":"Jammu and kashmir","zipCode":"193201","phone":"7006861539"},"prescription":"6899eb05ddb9f4d33b9023c0","isPrescriptionOrder":true}
[ORDERS] Order created: ORD-1754917642048-W1YELD (medicine)
[RES] POST /api/orders -> 201 in NaNms
[0mPOST /api/orders [32m201[0m 10.906 ms - -[0m
[RES] POST /api/orders -> 201 in 11ms
[REQ] POST /api/payments/cashfree/create auth=Bearer eyJhbGc… user=anon role=anon query={} body={"amount":134,"orderId":"ORD-1754917642048-W1YELD","currency":"INR"}
[PAYMENTS][CF][CREATE] user= 6899e9014f31209595d0b85a amount= 134 orderId= ORD-1754917642048-W1YELD
[PAYMENTS][CF][CREATE] Using environment: SANDBOX
[PAYMENTS][CF][CREATE] Raw Cashfree response: {
  "code": "customer_details.customer_phone_invalid",
  "message": "customer_details.customer_phone : should be a valid phone number. example Indian +919090407368, 9090407368, International +16014635923. Value received: 8754645454845",
  "type": "invalid_request_error"
}
[PAYMENTS][CF][CREATE] ERROR: No session ID in response
[0mPOST /api/payments/cashfree/create [31m500[0m 52.973 ms - 61[0m
[RES] POST /api/payments/cashfree/create -> 500 in 53ms
[REQ] POST /api/orders auth=Bearer eyJhbGc… user=anon role=anon query={} body={"orderType":"medicine","items":[{"medicine":"6898cb63749b693ad0c87ba4","quantity":1,"price":80,"total":80}],"subtotal":80,"deliveryCharges":50,"tax":4,"totalAmount":134,"payment":{"method":"online","gateway":"cashfree"},"deliveryAddress":{"street":"Hsr layout, Near school, srinagar, Jammu and kashmir 193201","city":"srinagar","state":"Jammu and kashmir","zipCode":"193201","phone":"7006861539"},"prescription":"6899eb05ddb9f4d33b9023c0","isPrescriptionOrder":true}
[REQ] POST /api/orders auth=Bearer 3s9aEUm4 user=6899e9014f31209595d0b85a role=customer query={} body={"orderType":"medicine","items":[{"medicine":"6898cb63749b693ad0c87ba4","quantity":1,"price":80,"total":80}],"subtotal":80,"deliveryCharges":50,"tax":4,"totalAmount":134,"payment":{"method":"online","gateway":"cashfree"},"deliveryAddress":{"street":"Hsr layout, Near school, srinagar, Jammu and kashmir 193201","city":"srinagar","state":"Jammu and kashmir","zipCode":"193201","phone":"7006861539"},"prescription":"6899eb05ddb9f4d33b9023c0","isPrescriptionOrder":true}
[ORDERS] Order created: ORD-1754917642407-QTV324 (medicine)
[RES] POST /api/orders -> 201 in NaNms
[0mPOST /api/orders [32m201[0m 10.762 ms - -[0m
[RES] POST /api/orders -> 201 in 11ms
[REQ] POST /api/payments/cashfree/create auth=Bearer eyJhbGc… user=anon role=anon query={} body={"amount":134,"orderId":"ORD-1754917642407-QTV324","currency":"INR"}
[PAYMENTS][CF][CREATE] user= 6899e9014f31209595d0b85a amount= 134 orderId= ORD-1754917642407-QTV324
[PAYMENTS][CF][CREATE] Using environment: SANDBOX
[PAYMENTS][CF][CREATE] Raw Cashfree response: {
  "code": "customer_details.customer_phone_invalid",
  "message": "customer_details.customer_phone : should be a valid phone number. example Indian +919090407368, 9090407368, International +16014635923. Value received: 8754645454845",
  "type": "invalid_request_error"
}
[PAYMENTS][CF][CREATE] ERROR: No session ID in response
[0mPOST /api/payments/cashfree/create [31m500[0m 45.915 ms - 61[0m
[RES] POST /api/payments/cashfree/create -> 500 in 46ms
[REQ] POST /api/orders auth=Bearer eyJhbGc… user=anon role=anon query={} body={"orderType":"medicine","items":[{"medicine":"6898cb63749b693ad0c87ba4","quantity":1,"price":80,"total":80}],"subtotal":80,"deliveryCharges":50,"tax":4,"totalAmount":134,"payment":{"method":"online","gateway":"cashfree"},"deliveryAddress":{"street":"Hsr layout, Near school, srinagar, Jammu and kashmir 193201","city":"srinagar","state":"Jammu and kashmir","zipCode":"193201","phone":"7006861539"},"prescription":"6899eb05ddb9f4d33b9023c0","isPrescriptionOrder":true}
[REQ] POST /api/orders auth=Bearer 3s9aEUm4 user=6899e9014f31209595d0b85a role=customer query={} body={"orderType":"medicine","items":[{"medicine":"6898cb63749b693ad0c87ba4","quantity":1,"price":80,"total":80}],"subtotal":80,"deliveryCharges":50,"tax":4,"totalAmount":134,"payment":{"method":"online","gateway":"cashfree"},"deliveryAddress":{"street":"Hsr layout, Near school, srinagar, Jammu and kashmir 193201","city":"srinagar","state":"Jammu and kashmir","zipCode":"193201","phone":"7006861539"},"prescription":"6899eb05ddb9f4d33b9023c0","isPrescriptionOrder":true}
[ORDERS] Order created: ORD-1754917642590-X8LG1B (medicine)
[RES] POST /api/orders -> 201 in NaNms
[0mPOST /api/orders [32m201[0m 9.157 ms - -[0m
[RES] POST /api/orders -> 201 in 10ms
[REQ] POST /api/payments/cashfree/create auth=Bearer eyJhbGc… user=anon role=anon query={} body={"amount":134,"orderId":"ORD-1754917642590-X8LG1B","currency":"INR"}
[PAYMENTS][CF][CREATE] user= 6899e9014f31209595d0b85a amount= 134 orderId= ORD-1754917642590-X8LG1B
[PAYMENTS][CF][CREATE] Using environment: SANDBOX
[PAYMENTS][CF][CREATE] Raw Cashfree response: {
  "code": "customer_details.customer_phone_invalid",
  "message": "customer_details.customer_phone : should be a valid phone number. example Indian +919090407368, 9090407368, International +16014635923. Value received: 8754645454845",
  "type": "invalid_request_error"
}
[PAYMENTS][CF][CREATE] ERROR: No session ID in response
[0mPOST /api/payments/cashfree/create [31m500[0m 50.017 ms - 61[0m
[RES] POST /api/payments/cashfree/create -> 500 in 50ms
[REQ] GET /health auth=none user=anon role=anon query={} body={}
[0mGET /health [32m200[0m 0.327 ms - 107[0m
[RES] GET /health -> 200 in 1ms
[REQ] GET /health auth=none user=anon role=anon query={} body={}
[0mGET /health [32m200[0m 0.206 ms - 107[0m
[RES] GET /health -> 200 in 0ms
[REQ] POST /api/orders auth=Bearer eyJhbGc… user=anon role=anon query={} body={"orderType":"medicine","items":[{"medicine":"6898cb63749b693ad0c87ba4","quantity":1,"price":80,"total":80}],"subtotal":80,"deliveryCharges":50,"tax":4,"totalAmount":134,"payment":{"method":"online","gateway":"cashfree"},"deliveryAddress":{"street":"Hsr layout, Near school, srinagar, Jammu and kashmir 193201","city":"srinagar","state":"Jammu and kashmir","zipCode":"193201","phone":"7006861539"},"prescription":"6899eb05ddb9f4d33b9023c0","isPrescriptionOrder":true}
[REQ] POST /api/orders auth=Bearer 3s9aEUm4 user=6899e9014f31209595d0b85a role=customer query={} body={"orderType":"medicine","items":[{"medicine":"6898cb63749b693ad0c87ba4","quantity":1,"price":80,"total":80}],"subtotal":80,"deliveryCharges":50,"tax":4,"totalAmount":134,"payment":{"method":"online","gateway":"cashfree"},"deliveryAddress":{"street":"Hsr layout, Near school, srinagar, Jammu and kashmir 193201","city":"srinagar","state":"Jammu and kashmir","zipCode":"193201","phone":"7006861539"},"prescription":"6899eb05ddb9f4d33b9023c0","isPrescriptionOrder":true}
[ORDERS] Order created: ORD-1754917656174-D7Z5RA (medicine)
[RES] POST /api/orders -> 201 in NaNms
[0mPOST /api/orders [32m201[0m 8.667 ms - -[0m
[RES] POST /api/orders -> 201 in 10ms
[REQ] POST /api/payments/cashfree/create auth=Bearer eyJhbGc… user=anon role=anon query={} body={"amount":134,"orderId":"ORD-1754917656174-D7Z5RA","currency":"INR"}
[PAYMENTS][CF][CREATE] user= 6899e9014f31209595d0b85a amount= 134 orderId= ORD-1754917656174-D7Z5RA
[PAYMENTS][CF][CREATE] Using environment: SANDBOX
[PAYMENTS][CF][CREATE] Raw Cashfree response: {
  "code": "customer_details.customer_phone_invalid",
  "message": "customer_details.customer_phone : should be a valid phone number. example Indian +919090407368, 9090407368, International +16014635923. Value received: 8754645454845",
  "type": "invalid_request_error"
}
[PAYMENTS][CF][CREATE] ERROR: No session ID in response
[0mPOST /api/payments/cashfree/create [31m500[0m 131.119 ms - 61[0m
[RES] POST /api/payments/cashfree/create -> 500 in 132ms
[REQ] POST /api/orders auth=Bearer eyJhbGc… user=anon role=anon query={} body={"orderType":"medicine","items":[{"medicine":"6898cb63749b693ad0c87ba4","quantity":1,"price":80,"total":80}],"subtotal":80,"deliveryCharges":50,"tax":4,"totalAmount":134,"payment":{"method":"online","gateway":"cashfree"},"deliveryAddress":{"street":"Hsr layout, Near school, srinagar, Jammu and kashmir 193201","city":"srinagar","state":"Jammu and kashmir","zipCode":"193201","phone":"7006861539"},"prescription":"6899eb05ddb9f4d33b9023c0","isPrescriptionOrder":true}
[REQ] POST /api/orders auth=Bearer 3s9aEUm4 user=6899e9014f31209595d0b85a role=customer query={} body={"orderType":"medicine","items":[{"medicine":"6898cb63749b693ad0c87ba4","quantity":1,"price":80,"total":80}],"subtotal":80,"deliveryCharges":50,"tax":4,"totalAmount":134,"payment":{"method":"online","gateway":"cashfree"},"deliveryAddress":{"street":"Hsr layout, Near school, srinagar, Jammu and kashmir 193201","city":"srinagar","state":"Jammu and kashmir","zipCode":"193201","phone":"7006861539"},"prescription":"6899eb05ddb9f4d33b9023c0","isPrescriptionOrder":true}
[ORDERS] Order created: ORD-1754917665707-6JHQQY (medicine)
[RES] POST /api/orders -> 201 in NaNms
[0mPOST /api/orders [32m201[0m 26.290 ms - -[0m
[RES] POST /api/orders -> 201 in 28ms
[REQ] POST /api/payments/cashfree/create auth=Bearer eyJhbGc… user=anon role=anon query={} body={"amount":134,"orderId":"ORD-1754917665707-6JHQQY","currency":"INR"}
[PAYMENTS][CF][CREATE] user= 6899e9014f31209595d0b85a amount= 134 orderId= ORD-1754917665707-6JHQQY
[PAYMENTS][CF][CREATE] Using environment: SANDBOX
[PAYMENTS][CF][CREATE] Raw Cashfree response: {
  "code": "customer_details.customer_phone_invalid",
  "message": "customer_details.customer_phone : should be a valid phone number. example Indian +919090407368, 9090407368, International +16014635923. Value received: 8754645454845",
  "type": "invalid_request_error"
}
[PAYMENTS][CF][CREATE] ERROR: No session ID in response
[0mPOST /api/payments/cashfree/create [31m500[0m 153.137 ms - 61[0m
[RES] POST /api/payments/cashfree/create -> 500 in 153ms
[REQ] POST /api/orders auth=Bearer eyJhbGc… user=anon role=anon query={} body={"orderType":"medicine","items":[{"medicine":"6898cb63749b693ad0c87ba4","quantity":1,"price":80,"total":80}],"subtotal":80,"deliveryCharges":50,"tax":4,"totalAmount":134,"payment":{"method":"online","gateway":"cashfree"},"deliveryAddress":{"street":"Hsr layout, Near school, srinagar, Jammu and kashmir 193201","city":"srinagar","state":"Jammu and kashmir","zipCode":"193201","phone":"7006861539"},"prescription":"6899eb05ddb9f4d33b9023c0","isPrescriptionOrder":true}
[REQ] POST /api/orders auth=Bearer 3s9aEUm4 user=6899e9014f31209595d0b85a role=customer query={} body={"orderType":"medicine","items":[{"medicine":"6898cb63749b693ad0c87ba4","quantity":1,"price":80,"total":80}],"subtotal":80,"deliveryCharges":50,"tax":4,"totalAmount":134,"payment":{"method":"online","gateway":"cashfree"},"deliveryAddress":{"street":"Hsr layout, Near school, srinagar, Jammu and kashmir 193201","city":"srinagar","state":"Jammu and kashmir","zipCode":"193201","phone":"7006861539"},"prescription":"6899eb05ddb9f4d33b9023c0","isPrescriptionOrder":true}
[ORDERS] Order created: ORD-1754917666870-88BVT8 (medicine)
[RES] POST /api/orders -> 201 in NaNms
[0mPOST /api/orders [32m201[0m 9.713 ms - -[0m
[RES] POST /api/orders -> 201 in 11ms
[REQ] POST /api/payments/cashfree/create auth=Bearer eyJhbGc… user=anon role=anon query={} body={"amount":134,"orderId":"ORD-1754917666870-88BVT8","currency":"INR"}
[PAYMENTS][CF][CREATE] user= 6899e9014f31209595d0b85a amount= 134 orderId= ORD-1754917666870-88BVT8
[PAYMENTS][CF][CREATE] Using environment: SANDBOX
[PAYMENTS][CF][CREATE] Raw Cashfree response: {
  "code": "customer_details.customer_phone_invalid",
  "message": "customer_details.customer_phone : should be a valid phone number. example Indian +919090407368, 9090407368, International +16014635923. Value received: 8754645454845",
  "type": "invalid_request_error"
}
[PAYMENTS][CF][CREATE] ERROR: No session ID in response
[0mPOST /api/payments/cashfree/create [31m500[0m 49.460 ms - 61[0m
[RES] POST /api/payments/cashfree/create -> 500 in 50ms
[REQ] GET /api/auth/me auth=Bearer eyJhbGc… user=anon role=anon query={} body={}
[0mGET /api/auth/me [32m200[0m 6.340 ms - 608[0m
[RES] GET /api/auth/me -> 200 in 6ms
[REQ] GET /api/medicines?limit=50&sortBy=name&sortOrder=asc auth=Bearer eyJhbGc… user=anon role=anon query={"limit":"50","sortBy":"name","sortOrder":"asc"} body={}
[0mGET /api/medicines?limit=50&sortBy=name&sortOrder=asc [36m304[0m 25.125 ms - -[0m
[RES] GET /api/medicines?limit=50&sortBy=name&sortOrder=asc -> 304 in 26ms
[REQ] GET /api/addresses auth=Bearer eyJhbGc… user=anon role=anon query={} body={}
[0mGET /api/addresses [32m200[0m 19.473 ms - 511[0m
[RES] GET /api/addresses -> 200 in 20ms
[REQ] GET /api/addresses auth=Bearer eyJhbGc… user=anon role=anon query={} body={}
[0mGET /api/addresses [32m200[0m 4.169 ms - 511[0m
[RES] GET /api/addresses -> 200 in 4ms
[REQ] POST /api/prescriptions auth=Bearer eyJhbGc… user=anon role=anon query={} body=<multipart/form-data; boundary=h4rYlw7QXRDDl-E2XC6NxPOI_AeXmoNGlVsXX4M.p-z.SwsyBnuD2ed9GWtwvOZuyeS2ie>
[0mPOST /api/prescriptions [32m201[0m 1572.628 ms - -[0m
[RES] POST /api/prescriptions -> 201 in 1574ms
[REQ] POST /api/orders auth=Bearer eyJhbGc… user=anon role=anon query={} body={"orderType":"medicine","items":[{"medicine":"6898cb63749b693ad0c87ba4","quantity":1,"price":80,"total":80}],"subtotal":80,"deliveryCharges":50,"tax":4,"totalAmount":134,"payment":{"method":"online","gateway":"cashfree"},"deliveryAddress":{"street":"Hsr layout, Near school, srinagar, Jammu and kashmir 193201","city":"srinagar","state":"Jammu and kashmir","zipCode":"193201","phone":"7006861539"},"prescription":"6899eb3bddb9f4d33b90244e","isPrescriptionOrder":true}
[REQ] POST /api/orders auth=Bearer 3s9aEUm4 user=6899e9014f31209595d0b85a role=customer query={} body={"orderType":"medicine","items":[{"medicine":"6898cb63749b693ad0c87ba4","quantity":1,"price":80,"total":80}],"subtotal":80,"deliveryCharges":50,"tax":4,"totalAmount":134,"payment":{"method":"online","gateway":"cashfree"},"deliveryAddress":{"street":"Hsr layout, Near school, srinagar, Jammu and kashmir 193201","city":"srinagar","state":"Jammu and kashmir","zipCode":"193201","phone":"7006861539"},"prescription":"6899eb3bddb9f4d33b90244e","isPrescriptionOrder":true}
[ORDERS] Order created: ORD-1754917693087-9BYMUL (medicine)
[RES] POST /api/orders -> 201 in NaNms
[REQ] POST /api/orders auth=Bearer eyJhbGc… user=anon role=anon query={} body={"orderType":"medicine","items":[{"medicine":"6898cb63749b693ad0c87ba4","quantity":1,"price":80,"total":80}],"subtotal":80,"deliveryCharges":50,"tax":4,"totalAmount":134,"payment":{"method":"online","gateway":"cashfree"},"deliveryAddress":{"street":"Hsr layout, Near school, srinagar, Jammu and kashmir 193201","city":"srinagar","state":"Jammu and kashmir","zipCode":"193201","phone":"7006861539"},"prescription":"6899eb3bddb9f4d33b90244e","isPrescriptionOrder":true}
[REQ] POST /api/orders auth=Bearer 3s9aEUm4 user=6899e9014f31209595d0b85a role=customer query={} body={"orderType":"medicine","items":[{"medicine":"6898cb63749b693ad0c87ba4","quantity":1,"price":80,"total":80}],"subtotal":80,"deliveryCharges":50,"tax":4,"totalAmount":134,"payment":{"method":"online","gateway":"cashfree"},"deliveryAddress":{"street":"Hsr layout, Near school, srinagar, Jammu and kashmir 193201","city":"srinagar","state":"Jammu and kashmir","zipCode":"193201","phone":"7006861539"},"prescription":"6899eb3bddb9f4d33b90244e","isPrescriptionOrder":true}
[0mPOST /api/orders [32m201[0m 1120.356 ms - -[0m
[RES] POST /api/orders -> 201 in 1427ms
[REQ] POST /api/payments/cashfree/create auth=Bearer eyJhbGc… user=anon role=anon query={} body={"amount":134,"orderId":"ORD-1754917693087-9BYMUL","currency":"INR"}
[PAYMENTS][CF][CREATE] user= 6899e9014f31209595d0b85a amount= 134 orderId= ORD-1754917693087-9BYMUL
[PAYMENTS][CF][CREATE] Using environment: SANDBOX
[ORDERS] Order created: ORD-1754917694275-2DERWF (medicine)
[RES] POST /api/orders -> 201 in NaNms
[REQ] POST /api/orders auth=Bearer eyJhbGc… user=anon role=anon query={} body={"orderType":"medicine","items":[{"medicine":"6898cb63749b693ad0c87ba4","quantity":1,"price":80,"total":80}],"subtotal":80,"deliveryCharges":50,"tax":4,"totalAmount":134,"payment":{"method":"online","gateway":"cashfree"},"deliveryAddress":{"street":"Hsr layout, Near school, srinagar, Jammu and kashmir 193201","city":"srinagar","state":"Jammu and kashmir","zipCode":"193201","phone":"7006861539"},"prescription":"6899eb3bddb9f4d33b90244e","isPrescriptionOrder":true}
[REQ] POST /api/orders auth=Bearer 3s9aEUm4 user=6899e9014f31209595d0b85a role=customer query={} body={"orderType":"medicine","items":[{"medicine":"6898cb63749b693ad0c87ba4","quantity":1,"price":80,"total":80}],"subtotal":80,"deliveryCharges":50,"tax":4,"totalAmount":134,"payment":{"method":"online","gateway":"cashfree"},"deliveryAddress":{"street":"Hsr layout, Near school, srinagar, Jammu and kashmir 193201","city":"srinagar","state":"Jammu and kashmir","zipCode":"193201","phone":"7006861539"},"prescription":"6899eb3bddb9f4d33b90244e","isPrescriptionOrder":true}
[0mPOST /api/orders [32m201[0m 1450.181 ms - -[0m
[RES] POST /api/orders -> 201 in 2534ms
[REQ] POST /api/payments/cashfree/create auth=Bearer eyJhbGc… user=anon role=anon query={} body={"amount":134,"orderId":"ORD-1754917694275-2DERWF","currency":"INR"}
[PAYMENTS][CF][CREATE] user= 6899e9014f31209595d0b85a amount= 134 orderId= ORD-1754917694275-2DERWF
[PAYMENTS][CF][CREATE] Using environment: SANDBOX
[PAYMENTS][CF][CREATE] Raw Cashfree response: {
  "code": "customer_details.customer_phone_invalid",
  "message": "customer_details.customer_phone : should be a valid phone number. example Indian +919090407368, 9090407368, International +16014635923. Value received: 8754645454845",
  "type": "invalid_request_error"
}
[PAYMENTS][CF][CREATE] ERROR: No session ID in response
[0mPOST /api/payments/cashfree/create [31m500[0m 3156.082 ms - 61[0m
[RES] POST /api/payments/cashfree/create -> 500 in 3165ms
[ORDERS] Order created: ORD-1754917696316-SC6QRA (medicine)
[RES] POST /api/orders -> 201 in NaNms
[0mPOST /api/orders [32m201[0m 2258.384 ms - -[0m
[RES] POST /api/orders -> 201 in 2596ms
[REQ] POST /api/payments/cashfree/create auth=Bearer eyJhbGc… user=anon role=anon query={} body={"amount":134,"orderId":"ORD-1754917696316-SC6QRA","currency":"INR"}
[PAYMENTS][CF][CREATE] Raw Cashfree response: {
  "code": "customer_details.customer_phone_invalid",
  "message": "customer_details.customer_phone : should be a valid phone number. example Indian +919090407368, 9090407368, International +16014635923. Value received: 8754645454845",
  "type": "invalid_request_error"
}
[PAYMENTS][CF][CREATE] ERROR: No session ID in response
[0mPOST /api/payments/cashfree/create [31m500[0m 1594.797 ms - 61[0m
[RES] POST /api/payments/cashfree/create -> 500 in 1847ms
[PAYMENTS][CF][CREATE] user= 6899e9014f31209595d0b85a amount= 134 orderId= ORD-1754917696316-SC6QRA
[PAYMENTS][CF][CREATE] Using environment: SANDBOX
[PAYMENTS][CF][CREATE] Raw Cashfree response: {
  "code": "customer_details.customer_phone_invalid",
  "message": "customer_details.customer_phone : should be a valid phone number. example Indian +919090407368, 9090407368, International +16014635923. Value received: 8754645454845",
  "type": "invalid_request_error"
}
[PAYMENTS][CF][CREATE] ERROR: No session ID in response
[0mPOST /api/payments/cashfree/create [31m500[0m 504.004 ms - 61[0m
[RES] POST /api/payments/cashfree/create -> 500 in 504ms
[REQ] POST /api/orders auth=Bearer eyJhbGc… user=anon role=anon query={} body={"orderType":"medicine","items":[{"medicine":"6898cb63749b693ad0c87ba4","quantity":1,"price":80,"total":80}],"subtotal":80,"deliveryCharges":50,"tax":4,"totalAmount":134,"payment":{"method":"online","gateway":"cashfree"},"deliveryAddress":{"street":"Hsr layout, Near school, srinagar, Jammu and kashmir 193201","city":"srinagar","state":"Jammu and kashmir","zipCode":"193201","phone":"7006861539"},"prescription":"6899eb3bddb9f4d33b90244e","isPrescriptionOrder":true}
[REQ] POST /api/orders auth=Bearer 3s9aEUm4 user=6899e9014f31209595d0b85a role=customer query={} body={"orderType":"medicine","items":[{"medicine":"6898cb63749b693ad0c87ba4","quantity":1,"price":80,"total":80}],"subtotal":80,"deliveryCharges":50,"tax":4,"totalAmount":134,"payment":{"method":"online","gateway":"cashfree"},"deliveryAddress":{"street":"Hsr layout, Near school, srinagar, Jammu and kashmir 193201","city":"srinagar","state":"Jammu and kashmir","zipCode":"193201","phone":"7006861539"},"prescription":"6899eb3bddb9f4d33b90244e","isPrescriptionOrder":true}
[REQ] POST /api/orders auth=Bearer eyJhbGc… user=anon role=anon query={} body={"orderType":"medicine","items":[{"medicine":"6898cb63749b693ad0c87ba4","quantity":1,"price":80,"total":80}],"subtotal":80,"deliveryCharges":50,"tax":4,"totalAmount":134,"payment":{"method":"online","gateway":"cashfree"},"deliveryAddress":{"street":"Hsr layout, Near school, srinagar, Jammu and kashmir 193201","city":"srinagar","state":"Jammu and kashmir","zipCode":"193201","phone":"7006861539"},"prescription":"6899eb3bddb9f4d33b90244e","isPrescriptionOrder":true}
[REQ] POST /api/orders auth=Bearer eyJhbGc… user=anon role=anon query={} body={"orderType":"medicine","items":[{"medicine":"6898cb63749b693ad0c87ba4","quantity":1,"price":80,"total":80}],"subtotal":80,"deliveryCharges":50,"tax":4,"totalAmount":134,"payment":{"method":"online","gateway":"cashfree"},"deliveryAddress":{"street":"Hsr layout, Near school, srinagar, Jammu and kashmir 193201","city":"srinagar","state":"Jammu and kashmir","zipCode":"193201","phone":"7006861539"},"prescription":"6899eb3bddb9f4d33b90244e","isPrescriptionOrder":true}
[REQ] POST /api/orders auth=Bearer eyJhbGc… user=anon role=anon query={} body={"orderType":"medicine","items":[{"medicine":"6898cb63749b693ad0c87ba4","quantity":1,"price":80,"total":80}],"subtotal":80,"deliveryCharges":50,"tax":4,"totalAmount":134,"payment":{"method":"online","gateway":"cashfree"},"deliveryAddress":{"street":"Hsr layout, Near school, srinagar, Jammu and kashmir 193201","city":"srinagar","state":"Jammu and kashmir","zipCode":"193201","phone":"7006861539"},"prescription":"6899eb3bddb9f4d33b90244e","isPrescriptionOrder":true}
[REQ] POST /api/orders auth=Bearer 3s9aEUm4 user=6899e9014f31209595d0b85a role=customer query={} body={"orderType":"medicine","items":[{"medicine":"6898cb63749b693ad0c87ba4","quantity":1,"price":80,"total":80}],"subtotal":80,"deliveryCharges":50,"tax":4,"totalAmount":134,"payment":{"method":"online","gateway":"cashfree"},"deliveryAddress":{"street":"Hsr layout, Near school, srinagar, Jammu and kashmir 193201","city":"srinagar","state":"Jammu and kashmir","zipCode":"193201","phone":"7006861539"},"prescription":"6899eb3bddb9f4d33b90244e","isPrescriptionOrder":true}
[REQ] POST /api/orders auth=Bearer 3s9aEUm4 user=6899e9014f31209595d0b85a role=customer query={} body={"orderType":"medicine","items":[{"medicine":"6898cb63749b693ad0c87ba4","quantity":1,"price":80,"total":80}],"subtotal":80,"deliveryCharges":50,"tax":4,"totalAmount":134,"payment":{"method":"online","gateway":"cashfree"},"deliveryAddress":{"street":"Hsr layout, Near school, srinagar, Jammu and kashmir 193201","city":"srinagar","state":"Jammu and kashmir","zipCode":"193201","phone":"7006861539"},"prescription":"6899eb3bddb9f4d33b90244e","isPrescriptionOrder":true}
[REQ] POST /api/orders auth=Bearer 3s9aEUm4 user=6899e9014f31209595d0b85a role=customer query={} body={"orderType":"medicine","items":[{"medicine":"6898cb63749b693ad0c87ba4","quantity":1,"price":80,"total":80}],"subtotal":80,"deliveryCharges":50,"tax":4,"totalAmount":134,"payment":{"method":"online","gateway":"cashfree"},"deliveryAddress":{"street":"Hsr layout, Near school, srinagar, Jammu and kashmir 193201","city":"srinagar","state":"Jammu and kashmir","zipCode":"193201","phone":"7006861539"},"prescription":"6899eb3bddb9f4d33b90244e","isPrescriptionOrder":true}
[ORDERS] Order created: ORD-1754917717204-EKFT4X (medicine)
[RES] POST /api/orders -> 201 in NaNms
[0mPOST /api/orders [32m201[0m 1927.949 ms - -[0m
[RES] POST /api/orders -> 201 in 2698ms
[ORDERS] Order created: ORD-1754917718641-SPU3X4 (medicine)
[RES] POST /api/orders -> 201 in NaNms
[0mPOST /api/orders [32m201[0m 1358.985 ms - -[0m
[RES] POST /api/orders -> 201 in 1363ms
[ORDERS] Order created: ORD-1754917718640-ETFSWC (medicine)
[RES] POST /api/orders -> 201 in NaNms
[ORDERS] Order created: ORD-1754917718641-1X775J (medicine)
[RES] POST /api/orders -> 201 in NaNms
[REQ] POST /api/payments/cashfree/create auth=Bearer eyJhbGc… user=anon role=anon query={} body={"amount":134,"orderId":"ORD-1754917717204-EKFT4X","currency":"INR"}
[REQ] POST /api/payments/cashfree/create auth=Bearer eyJhbGc… user=anon role=anon query={} body={"amount":134,"orderId":"ORD-1754917718641-SPU3X4","currency":"INR"}
[PAYMENTS][CF][CREATE] user= 6899e9014f31209595d0b85a amount= 134 orderId= ORD-1754917717204-EKFT4X
[PAYMENTS][CF][CREATE] Using environment: SANDBOX
[0mPOST /api/orders [32m201[0m 1438.390 ms - -[0m
[RES] POST /api/orders -> 201 in 3240ms
[0mPOST /api/orders [32m201[0m 1450.264 ms - -[0m
[RES] POST /api/orders -> 201 in 3251ms
[PAYMENTS][CF][CREATE] user= 6899e9014f31209595d0b85a amount= 134 orderId= ORD-1754917718641-SPU3X4
[PAYMENTS][CF][CREATE] Using environment: SANDBOX
[REQ] POST /api/payments/cashfree/create auth=Bearer eyJhbGc… user=anon role=anon query={} body={"amount":134,"orderId":"ORD-1754917718640-ETFSWC","currency":"INR"}
[REQ] POST /api/payments/cashfree/create auth=Bearer eyJhbGc… user=anon role=anon query={} body={"amount":134,"orderId":"ORD-1754917718641-1X775J","currency":"INR"}
[PAYMENTS][CF][CREATE] user= 6899e9014f31209595d0b85a amount= 134 orderId= ORD-1754917718640-ETFSWC
[PAYMENTS][CF][CREATE] Using environment: SANDBOX
[PAYMENTS][CF][CREATE] user= 6899e9014f31209595d0b85a amount= 134 orderId= ORD-1754917718641-1X775J
[PAYMENTS][CF][CREATE] Using environment: SANDBOX
[PAYMENTS][CF][CREATE] Raw Cashfree response: {
  "code": "customer_details.customer_phone_invalid",
  "message": "customer_details.customer_phone : should be a valid phone number. example Indian +919090407368, 9090407368, International +16014635923. Value received: 8754645454845",
  "type": "invalid_request_error"
}
[PAYMENTS][CF][CREATE] ERROR: No session ID in response
[0mPOST /api/payments/cashfree/create [31m500[0m 1973.368 ms - 61[0m
[RES] POST /api/payments/cashfree/create -> 500 in 1973ms
[PAYMENTS][CF][CREATE] Raw Cashfree response: {
  "code": "customer_details.customer_phone_invalid",
  "message": "customer_details.customer_phone : should be a valid phone number. example Indian +919090407368, 9090407368, International +16014635923. Value received: 8754645454845",
  "type": "invalid_request_error"
}
[PAYMENTS][CF][CREATE] ERROR: No session ID in response
[0mPOST /api/payments/cashfree/create [31m500[0m 1601.917 ms - 61[0m
[RES] POST /api/payments/cashfree/create -> 500 in 1603ms
[PAYMENTS][CF][CREATE] Raw Cashfree response: {
  "code": "customer_details.customer_phone_invalid",
  "message": "customer_details.customer_phone : should be a valid phone number. example Indian +919090407368, 9090407368, International +16014635923. Value received: 8754645454845",
  "type": "invalid_request_error"
}
[PAYMENTS][CF][CREATE] ERROR: No session ID in response
[0mPOST /api/payments/cashfree/create [31m500[0m 623.033 ms - 61[0m
[RES] POST /api/payments/cashfree/create -> 500 in 641ms
[PAYMENTS][CF][CREATE] Raw Cashfree response: {
  "code": "customer_details.customer_phone_invalid",
  "message": "customer_details.customer_phone : should be a valid phone number. example Indian +919090407368, 9090407368, International +16014635923. Value received: 8754645454845",
  "type": "invalid_request_error"
}
[PAYMENTS][CF][CREATE] ERROR: No session ID in response
[0mPOST /api/payments/cashfree/create [31m500[0m 717.922 ms - 61[0m
[RES] POST /api/payments/cashfree/create -> 500 in 718ms
[REQ] POST /api/orders auth=Bearer eyJhbGc… user=anon role=anon query={} body={"orderType":"medicine","items":[{"medicine":"6898cb63749b693ad0c87ba4","quantity":1,"price":80,"total":80}],"subtotal":80,"deliveryCharges":50,"tax":4,"totalAmount":134,"payment":{"method":"online","gateway":"cashfree"},"deliveryAddress":{"street":"Hsr layout, Near school, srinagar, Jammu and kashmir 193201","city":"srinagar","state":"Jammu and kashmir","zipCode":"193201","phone":"7006861539"},"prescription":"6899eb3bddb9f4d33b90244e","isPrescriptionOrder":true}
[REQ] POST /api/orders auth=Bearer 3s9aEUm4 user=6899e9014f31209595d0b85a role=customer query={} body={"orderType":"medicine","items":[{"medicine":"6898cb63749b693ad0c87ba4","quantity":1,"price":80,"total":80}],"subtotal":80,"deliveryCharges":50,"tax":4,"totalAmount":134,"payment":{"method":"online","gateway":"cashfree"},"deliveryAddress":{"street":"Hsr layout, Near school, srinagar, Jammu and kashmir 193201","city":"srinagar","state":"Jammu and kashmir","zipCode":"193201","phone":"7006861539"},"prescription":"6899eb3bddb9f4d33b90244e","isPrescriptionOrder":true}
[ORDERS] Order created: ORD-1754917766010-4QCPS9 (medicine)
[RES] POST /api/orders -> 201 in NaNms
[0mPOST /api/orders [32m201[0m 16.595 ms - -[0m
[RES] POST /api/orders -> 201 in 18ms
[REQ] POST /api/payments/cashfree/create auth=Bearer eyJhbGc… user=anon role=anon query={} body={"amount":134,"orderId":"ORD-1754917766010-4QCPS9","currency":"INR"}
[PAYMENTS][CF][CREATE] user= 6899e9014f31209595d0b85a amount= 134 orderId= ORD-1754917766010-4QCPS9
[PAYMENTS][CF][CREATE] Using environment: SANDBOX
[PAYMENTS][CF][CREATE] Raw Cashfree response: {
  "code": "customer_details.customer_phone_invalid",
  "message": "customer_details.customer_phone : should be a valid phone number. example Indian +919090407368, 9090407368, International +16014635923. Value received: 8754645454845",
  "type": "invalid_request_error"
}
[PAYMENTS][CF][CREATE] ERROR: No session ID in response
[0mPOST /api/payments/cashfree/create [31m500[0m 99.727 ms - 61[0m
[RES] POST /api/payments/cashfree/create -> 500 in 100ms
[REQ] POST /api/orders auth=Bearer eyJhbGc… user=anon role=anon query={} body={"orderType":"medicine","items":[{"medicine":"6898cb63749b693ad0c87ba4","quantity":1,"price":80,"total":80}],"subtotal":80,"deliveryCharges":50,"tax":4,"totalAmount":134,"payment":{"method":"online","gateway":"cashfree"},"deliveryAddress":{"street":"Hsr layout, Near school, srinagar, Jammu and kashmir 193201","city":"srinagar","state":"Jammu and kashmir","zipCode":"193201","phone":"7006861539"},"prescription":"6899eb3bddb9f4d33b90244e","isPrescriptionOrder":true}
[REQ] POST /api/orders auth=Bearer 3s9aEUm4 user=6899e9014f31209595d0b85a role=customer query={} body={"orderType":"medicine","items":[{"medicine":"6898cb63749b693ad0c87ba4","quantity":1,"price":80,"total":80}],"subtotal":80,"deliveryCharges":50,"tax":4,"totalAmount":134,"payment":{"method":"online","gateway":"cashfree"},"deliveryAddress":{"street":"Hsr layout, Near school, srinagar, Jammu and kashmir 193201","city":"srinagar","state":"Jammu and kashmir","zipCode":"193201","phone":"7006861539"},"prescription":"6899eb3bddb9f4d33b90244e","isPrescriptionOrder":true}
[ORDERS] Order created: ORD-1754917766511-VM8AZS (medicine)
[RES] POST /api/orders -> 201 in NaNms
[0mPOST /api/orders [32m201[0m 20.592 ms - -[0m
[RES] POST /api/orders -> 201 in 21ms
[REQ] POST /api/payments/cashfree/create auth=Bearer eyJhbGc… user=anon role=anon query={} body={"amount":134,"orderId":"ORD-1754917766511-VM8AZS","currency":"INR"}
[PAYMENTS][CF][CREATE] user= 6899e9014f31209595d0b85a amount= 134 orderId= ORD-1754917766511-VM8AZS
[PAYMENTS][CF][CREATE] Using environment: SANDBOX
[PAYMENTS][CF][CREATE] Raw Cashfree response: {
  "code": "customer_details.customer_phone_invalid",
  "message": "customer_details.customer_phone : should be a valid phone number. example Indian +919090407368, 9090407368, International +16014635923. Value received: 8754645454845",
  "type": "invalid_request_error"
}
[PAYMENTS][CF][CREATE] ERROR: No session ID in response
[0mPOST /api/payments/cashfree/create [31m500[0m 57.470 ms - 61[0m
[RES] POST /api/payments/cashfree/create -> 500 in 58ms
